<?xml version="1.0" encoding="UTF-8"?>
<testng-results ignored="0" total="17" passed="17" failed="0" skipped="0">
  <reporter-output>
  </reporter-output>
  <suite started-at="2021-12-22T13:52:48 IST" name="Suite" finished-at="2021-12-22T13:54:20 IST" duration-ms="91188">
    <groups>
      <group name="cucumber">
        <method signature="AbstractTestNGCucumberTests.runScenario(io.cucumber.testng.PickleWrapper,io.cucumber.testng.FeatureWrapper)[pri:0, instance:com.flyway.testscripts.TestRunner@45e37a7e]" name="runScenario" class="io.cucumber.testng.AbstractTestNGCucumberTests"/>
      </group> <!-- cucumber -->
    </groups>
    <test started-at="2021-12-22T13:52:48 IST" name="Test" finished-at="2021-12-22T13:54:20 IST" duration-ms="91188">
      <class name="com.flyway.testscripts.TestRunner">
        <test-method is-config="true" signature="setUpClass(org.testng.ITestContext)[pri:0, instance:com.flyway.testscripts.TestRunner@45e37a7e]" started-at="2021-12-22T13:52:48 IST" name="setUpClass" finished-at="2021-12-22T13:52:49 IST" duration-ms="236" status="PASS">
          <params>
            <param index="0">
              <value>
                <![CDATA[org.testng.TestRunner@1da32baf]]>
              </value>
            </param>
          </params>
          <reporter-output>
          </reporter-output>
        </test-method> <!-- setUpClass -->
        <test-method signature="runScenario(io.cucumber.testng.PickleWrapper,io.cucumber.testng.FeatureWrapper)[pri:0, instance:com.flyway.testscripts.TestRunner@45e37a7e]" started-at="2021-12-22T13:52:49 IST" name="runScenario" description="Runs Cucumber Scenarios" data-provider="scenarios" finished-at="2021-12-22T13:52:55 IST" duration-ms="6650" status="PASS">
          <params>
            <param index="0">
              <value>
                <![CDATA["Signup for FlyAwayAccount"]]>
              </value>
            </param>
            <param index="1">
              <value>
                <![CDATA["Optional[a user should be create a new account]"]]>
              </value>
            </param>
          </params>
          <reporter-output>
          </reporter-output>
        </test-method> <!-- runScenario -->
        <test-method signature="runScenario(io.cucumber.testng.PickleWrapper,io.cucumber.testng.FeatureWrapper)[pri:0, instance:com.flyway.testscripts.TestRunner@45e37a7e]" started-at="2021-12-22T13:52:55 IST" name="runScenario" description="Runs Cucumber Scenarios" data-provider="scenarios" finished-at="2021-12-22T13:53:01 IST" duration-ms="5324" status="PASS">
          <params>
            <param index="0">
              <value>
                <![CDATA["Signup for FlyAwayAccount"]]>
              </value>
            </param>
            <param index="1">
              <value>
                <![CDATA["Optional[a user should be create a new account]"]]>
              </value>
            </param>
          </params>
          <reporter-output>
          </reporter-output>
        </test-method> <!-- runScenario -->
        <test-method signature="runScenario(io.cucumber.testng.PickleWrapper,io.cucumber.testng.FeatureWrapper)[pri:0, instance:com.flyway.testscripts.TestRunner@45e37a7e]" started-at="2021-12-22T13:53:01 IST" name="runScenario" description="Runs Cucumber Scenarios" data-provider="scenarios" finished-at="2021-12-22T13:53:06 IST" duration-ms="5379" status="PASS">
          <params>
            <param index="0">
              <value>
                <![CDATA["Signup for FlyAwayAccount"]]>
              </value>
            </param>
            <param index="1">
              <value>
                <![CDATA["Optional[a user should be create a new account]"]]>
              </value>
            </param>
          </params>
          <reporter-output>
          </reporter-output>
        </test-method> <!-- runScenario -->
        <test-method signature="runScenario(io.cucumber.testng.PickleWrapper,io.cucumber.testng.FeatureWrapper)[pri:0, instance:com.flyway.testscripts.TestRunner@45e37a7e]" started-at="2021-12-22T13:53:06 IST" name="runScenario" description="Runs Cucumber Scenarios" data-provider="scenarios" finished-at="2021-12-22T13:53:11 IST" duration-ms="5488" status="PASS">
          <params>
            <param index="0">
              <value>
                <![CDATA["Signup for FlyAwayAccount"]]>
              </value>
            </param>
            <param index="1">
              <value>
                <![CDATA["Optional[a user should be create a new account]"]]>
              </value>
            </param>
          </params>
          <reporter-output>
          </reporter-output>
        </test-method> <!-- runScenario -->
        <test-method signature="runScenario(io.cucumber.testng.PickleWrapper,io.cucumber.testng.FeatureWrapper)[pri:0, instance:com.flyway.testscripts.TestRunner@45e37a7e]" started-at="2021-12-22T13:53:11 IST" name="runScenario" description="Runs Cucumber Scenarios" data-provider="scenarios" finished-at="2021-12-22T13:53:17 IST" duration-ms="5030" status="PASS">
          <params>
            <param index="0">
              <value>
                <![CDATA["Signup for FlyAwayAccount"]]>
              </value>
            </param>
            <param index="1">
              <value>
                <![CDATA["Optional[a user should be create a new account]"]]>
              </value>
            </param>
          </params>
          <reporter-output>
          </reporter-output>
        </test-method> <!-- runScenario -->
        <test-method signature="runScenario(io.cucumber.testng.PickleWrapper,io.cucumber.testng.FeatureWrapper)[pri:0, instance:com.flyway.testscripts.TestRunner@45e37a7e]" started-at="2021-12-22T13:53:17 IST" name="runScenario" description="Runs Cucumber Scenarios" data-provider="scenarios" finished-at="2021-12-22T13:53:23 IST" duration-ms="6110" status="PASS">
          <params>
            <param index="0">
              <value>
                <![CDATA["Edit functionality Test"]]>
              </value>
            </param>
            <param index="1">
              <value>
                <![CDATA["Optional[a user Should edit their details]"]]>
              </value>
            </param>
          </params>
          <reporter-output>
          </reporter-output>
        </test-method> <!-- runScenario -->
        <test-method signature="runScenario(io.cucumber.testng.PickleWrapper,io.cucumber.testng.FeatureWrapper)[pri:0, instance:com.flyway.testscripts.TestRunner@45e37a7e]" started-at="2021-12-22T13:53:23 IST" name="runScenario" description="Runs Cucumber Scenarios" data-provider="scenarios" finished-at="2021-12-22T13:53:28 IST" duration-ms="5421" status="PASS">
          <params>
            <param index="0">
              <value>
                <![CDATA["Edit functionality Test"]]>
              </value>
            </param>
            <param index="1">
              <value>
                <![CDATA["Optional[a user Should edit their details]"]]>
              </value>
            </param>
          </params>
          <reporter-output>
          </reporter-output>
        </test-method> <!-- runScenario -->
        <test-method signature="runScenario(io.cucumber.testng.PickleWrapper,io.cucumber.testng.FeatureWrapper)[pri:0, instance:com.flyway.testscripts.TestRunner@45e37a7e]" started-at="2021-12-22T13:53:28 IST" name="runScenario" description="Runs Cucumber Scenarios" data-provider="scenarios" finished-at="2021-12-22T13:53:34 IST" duration-ms="5686" status="PASS">
          <params>
            <param index="0">
              <value>
                <![CDATA["Edit functionality Test"]]>
              </value>
            </param>
            <param index="1">
              <value>
                <![CDATA["Optional[a user Should edit their details]"]]>
              </value>
            </param>
          </params>
          <reporter-output>
          </reporter-output>
        </test-method> <!-- runScenario -->
        <test-method signature="runScenario(io.cucumber.testng.PickleWrapper,io.cucumber.testng.FeatureWrapper)[pri:0, instance:com.flyway.testscripts.TestRunner@45e37a7e]" started-at="2021-12-22T13:53:34 IST" name="runScenario" description="Runs Cucumber Scenarios" data-provider="scenarios" finished-at="2021-12-22T13:53:39 IST" duration-ms="5383" status="PASS">
          <params>
            <param index="0">
              <value>
                <![CDATA["Edit functionality Test"]]>
              </value>
            </param>
            <param index="1">
              <value>
                <![CDATA["Optional[a user Should edit their details]"]]>
              </value>
            </param>
          </params>
          <reporter-output>
          </reporter-output>
        </test-method> <!-- runScenario -->
        <test-method signature="runScenario(io.cucumber.testng.PickleWrapper,io.cucumber.testng.FeatureWrapper)[pri:0, instance:com.flyway.testscripts.TestRunner@45e37a7e]" started-at="2021-12-22T13:53:39 IST" name="runScenario" description="Runs Cucumber Scenarios" data-provider="scenarios" finished-at="2021-12-22T13:53:45 IST" duration-ms="5384" status="PASS">
          <params>
            <param index="0">
              <value>
                <![CDATA["Edit functionality Test"]]>
              </value>
            </param>
            <param index="1">
              <value>
                <![CDATA["Optional[a user Should edit their details]"]]>
              </value>
            </param>
          </params>
          <reporter-output>
          </reporter-output>
        </test-method> <!-- runScenario -->
        <test-method signature="runScenario(io.cucumber.testng.PickleWrapper,io.cucumber.testng.FeatureWrapper)[pri:0, instance:com.flyway.testscripts.TestRunner@45e37a7e]" started-at="2021-12-22T13:53:45 IST" name="runScenario" description="Runs Cucumber Scenarios" data-provider="scenarios" finished-at="2021-12-22T13:53:49 IST" duration-ms="4598" status="PASS">
          <params>
            <param index="0">
              <value>
                <![CDATA["Login Functionality Test"]]>
              </value>
            </param>
            <param index="1">
              <value>
                <![CDATA["Optional[a user Should log into his account]"]]>
              </value>
            </param>
          </params>
          <reporter-output>
          </reporter-output>
        </test-method> <!-- runScenario -->
        <test-method signature="runScenario(io.cucumber.testng.PickleWrapper,io.cucumber.testng.FeatureWrapper)[pri:0, instance:com.flyway.testscripts.TestRunner@45e37a7e]" started-at="2021-12-22T13:53:49 IST" name="runScenario" description="Runs Cucumber Scenarios" data-provider="scenarios" finished-at="2021-12-22T13:53:54 IST" duration-ms="4643" status="PASS">
          <params>
            <param index="0">
              <value>
                <![CDATA["Login Functionality Test"]]>
              </value>
            </param>
            <param index="1">
              <value>
                <![CDATA["Optional[a user Should log into his account]"]]>
              </value>
            </param>
          </params>
          <reporter-output>
          </reporter-output>
        </test-method> <!-- runScenario -->
        <test-method signature="runScenario(io.cucumber.testng.PickleWrapper,io.cucumber.testng.FeatureWrapper)[pri:0, instance:com.flyway.testscripts.TestRunner@45e37a7e]" started-at="2021-12-22T13:53:54 IST" name="runScenario" description="Runs Cucumber Scenarios" data-provider="scenarios" finished-at="2021-12-22T13:53:58 IST" duration-ms="4547" status="PASS">
          <params>
            <param index="0">
              <value>
                <![CDATA["Login Functionality Test"]]>
              </value>
            </param>
            <param index="1">
              <value>
                <![CDATA["Optional[a user Should log into his account]"]]>
              </value>
            </param>
          </params>
          <reporter-output>
          </reporter-output>
        </test-method> <!-- runScenario -->
        <test-method signature="runScenario(io.cucumber.testng.PickleWrapper,io.cucumber.testng.FeatureWrapper)[pri:0, instance:com.flyway.testscripts.TestRunner@45e37a7e]" started-at="2021-12-22T13:53:58 IST" name="runScenario" description="Runs Cucumber Scenarios" data-provider="scenarios" finished-at="2021-12-22T13:54:03 IST" duration-ms="4603" status="PASS">
          <params>
            <param index="0">
              <value>
                <![CDATA["Login Functionality Test"]]>
              </value>
            </param>
            <param index="1">
              <value>
                <![CDATA["Optional[a user Should log into his account]"]]>
              </value>
            </param>
          </params>
          <reporter-output>
          </reporter-output>
        </test-method> <!-- runScenario -->
        <test-method signature="runScenario(io.cucumber.testng.PickleWrapper,io.cucumber.testng.FeatureWrapper)[pri:0, instance:com.flyway.testscripts.TestRunner@45e37a7e]" started-at="2021-12-22T13:54:03 IST" name="runScenario" description="Runs Cucumber Scenarios" data-provider="scenarios" finished-at="2021-12-22T13:54:07 IST" duration-ms="4385" status="PASS">
          <params>
            <param index="0">
              <value>
                <![CDATA["Login Functionality Test"]]>
              </value>
            </param>
            <param index="1">
              <value>
                <![CDATA["Optional[a user Should log into his account]"]]>
              </value>
            </param>
          </params>
          <reporter-output>
          </reporter-output>
        </test-method> <!-- runScenario -->
        <test-method signature="runScenario(io.cucumber.testng.PickleWrapper,io.cucumber.testng.FeatureWrapper)[pri:0, instance:com.flyway.testscripts.TestRunner@45e37a7e]" started-at="2021-12-22T13:54:07 IST" name="runScenario" description="Runs Cucumber Scenarios" data-provider="scenarios" finished-at="2021-12-22T13:54:12 IST" duration-ms="4705" status="PASS">
          <params>
            <param index="0">
              <value>
                <![CDATA["serching Flight Test"]]>
              </value>
            </param>
            <param index="1">
              <value>
                <![CDATA["Optional[a user Should see a available flight]"]]>
              </value>
            </param>
          </params>
          <reporter-output>
          </reporter-output>
        </test-method> <!-- runScenario -->
        <test-method signature="runScenario(io.cucumber.testng.PickleWrapper,io.cucumber.testng.FeatureWrapper)[pri:0, instance:com.flyway.testscripts.TestRunner@45e37a7e]" started-at="2021-12-22T13:54:12 IST" name="runScenario" description="Runs Cucumber Scenarios" data-provider="scenarios" finished-at="2021-12-22T13:54:20 IST" duration-ms="7545" status="PASS">
          <params>
            <param index="0">
              <value>
                <![CDATA["Booking a Flight"]]>
              </value>
            </param>
            <param index="1">
              <value>
                <![CDATA["Optional[a user Should Book a flight]"]]>
              </value>
            </param>
          </params>
          <reporter-output>
          </reporter-output>
        </test-method> <!-- runScenario -->
        <test-method is-config="true" signature="tearDownClass()[pri:0, instance:com.flyway.testscripts.TestRunner@45e37a7e]" started-at="2021-12-22T13:54:20 IST" name="tearDownClass" finished-at="2021-12-22T13:54:20 IST" duration-ms="8" status="PASS">
          <reporter-output>
          </reporter-output>
        </test-method> <!-- tearDownClass -->
      </class> <!-- com.flyway.testscripts.TestRunner -->
    </test> <!-- Test -->
  </suite> <!-- Suite -->
</testng-results>
